<?xml version="1.0" encoding="UTF-8"?>
<!-- Generated by org.testng.reporters.JUnitReportReporter -->
<testsuite hostname="DESKTOP-QJNI2U2" failures="0" tests="11" name="tests.TS_FormFillupInvalid" time="71.558" errors="0" timestamp="2021-09-29T16:20:26 IST" skipped="0">
  <testcase classname="tests.TS_FormFillupInvalid" name="TC_InvalidFirstName" time="5.459"/>
  <testcase classname="tests.TS_FormFillupInvalid" name="TC_InvalidLastName" time="5.945"/>
  <testcase classname="tests.TS_FormFillupInvalid" name="TC_InvalidJobFunction" time="5.259"/>
  <testcase classname="tests.TS_FormFillupInvalid" name="TC_InvalidJobTitle" time="5.318"/>
  <testcase classname="tests.TS_FormFillupInvalid" name="TC_InvalidEmail" time="5.387"/>
  <testcase classname="tests.TS_FormFillupInvalid" name="TC_InvalidPhoneNo" time="5.175"/>
  <testcase classname="tests.TS_FormFillupInvalid" name="TC_InvalidInstitutionName" time="5.311"/>
  <testcase classname="tests.TS_FormFillupInvalid" name="TC_InvalidInstitutionType" time="5.425"/>
  <testcase classname="tests.TS_FormFillupInvalid" name="TC_InvalidPrimaryDiscipline" time="8.653"/>
  <testcase classname="tests.TS_FormFillupInvalid" name="TC_InvalidCountry" time="14.294"/>
  <testcase classname="tests.TS_FormFillupInvalid" name="TC_InvalidState" time="5.332"/>
</testsuite> <!-- tests.TS_FormFillupInvalid -->
