<?xml version="1.0" encoding="UTF-8"?>
<!-- Generated by org.testng.reporters.JUnitReportReporter -->
<testsuite hostname="DESKTOP-QJNI2U2" failures="0" tests="1" name="tests.TS_FormFillupValid" time="13.448" errors="0" timestamp="2021-09-29T16:20:26 IST" skipped="0">
  <testcase classname="tests.TS_FormFillupValid" name="TC_validData" time="13.448"/>
</testsuite> <!-- tests.TS_FormFillupValid -->
