<?xml version="1.0" encoding="UTF-8"?>
<!-- Generated by org.testng.reporters.JUnitReportReporter -->
<testsuite hostname="DESKTOP-QJNI2U2" failures="0" tests="4" name="tests.TS_Filter" time="13.554" errors="0" timestamp="2021-09-29T16:20:26 IST" skipped="0">
  <testcase classname="tests.TS_Filter" name="languagesDisplayed" time="12.198"/>
  <testcase classname="tests.TS_Filter" name="extractLanguageDetails" time="1.217"/>
  <testcase classname="tests.TS_Filter" name="levelsDisplayed" time="0.057"/>
  <testcase classname="tests.TS_Filter" name="extractLevelsDetails" time="0.082"/>
</testsuite> <!-- tests.TS_Filter -->
