<?xml version="1.0" encoding="UTF-8"?>
<!-- Generated by org.testng.reporters.JUnitReportReporter -->
<testsuite hostname="DESKTOP-QJNI2U2" failures="0" tests="5" name="tests.TS_CourseSearch" time="14.826" errors="0" timestamp="2021-09-29T16:20:26 IST" skipped="0">
  <testcase classname="tests.TS_CourseSearch" name="TC_SearchTextBox" time="5.335"/>
  <testcase classname="tests.TS_CourseSearch" name="TC_FilterLanguage" time="1.666"/>
  <testcase classname="tests.TS_CourseSearch" name="TC_FilterLevel" time="1.943"/>
  <testcase classname="tests.TS_CourseSearch" name="TC_CourseAvailability" time="1.986"/>
  <testcase classname="tests.TS_CourseSearch" name="TC_CourseDuration" time="3.896"/>
</testsuite> <!-- tests.TS_CourseSearch -->
