<?xml version="1.0" encoding="UTF-8"?>
<!-- Generated by org.testng.reporters.JUnitReportReporter -->
<testsuite hostname="DESKTOP-QJNI2U2" failures="0" tests="11" name="tests.TS_FormFillupInvalid" time="70.242" errors="0" timestamp="2021-10-03T16:23:45 IST" skipped="0">
  <testcase classname="tests.TS_FormFillupInvalid" name="TC_InvalidFirstName" time="9.453"/>
  <testcase classname="tests.TS_FormFillupInvalid" name="TC_InvalidLastName" time="5.401"/>
  <testcase classname="tests.TS_FormFillupInvalid" name="TC_InvalidJobFunction" time="6.175"/>
  <testcase classname="tests.TS_FormFillupInvalid" name="TC_InvalidJobTitle" time="5.260"/>
  <testcase classname="tests.TS_FormFillupInvalid" name="TC_InvalidEmail" time="5.196"/>
  <testcase classname="tests.TS_FormFillupInvalid" name="TC_InvalidPhoneNo" time="5.488"/>
  <testcase classname="tests.TS_FormFillupInvalid" name="TC_InvalidInstitutionName" time="6.742"/>
  <testcase classname="tests.TS_FormFillupInvalid" name="TC_InvalidInstitutionType" time="6.033"/>
  <testcase classname="tests.TS_FormFillupInvalid" name="TC_InvalidPrimaryDiscipline" time="5.191"/>
  <testcase classname="tests.TS_FormFillupInvalid" name="TC_InvalidCountry" time="10.135"/>
  <testcase classname="tests.TS_FormFillupInvalid" name="TC_InvalidState" time="5.168"/>
</testsuite> <!-- tests.TS_FormFillupInvalid -->
