<?xml version="1.0" encoding="UTF-8"?>
<!-- Generated by org.testng.reporters.JUnitReportReporter -->
<testsuite hostname="DESKTOP-QJNI2U2" failures="0" tests="5" name="tests.TS_CourseSearch" time="15.836" errors="0" timestamp="2021-10-03T16:23:45 IST" skipped="0">
  <testcase classname="tests.TS_CourseSearch" name="TC_SearchTextBox" time="4.705"/>
  <testcase classname="tests.TS_CourseSearch" name="TC_FilterLanguage" time="4.506"/>
  <testcase classname="tests.TS_CourseSearch" name="TC_FilterLevel" time="0.443"/>
  <testcase classname="tests.TS_CourseSearch" name="TC_CourseAvailability" time="0.852"/>
  <testcase classname="tests.TS_CourseSearch" name="TC_CourseDuration" time="5.330"/>
</testsuite> <!-- tests.TS_CourseSearch -->
