<?xml version="1.0" encoding="UTF-8"?>
<!-- Generated by org.testng.reporters.JUnitReportReporter -->
<testsuite hostname="DESKTOP-QJNI2U2" failures="0" tests="4" name="tests.TS_Filter" time="11.295" errors="0" timestamp="2021-10-03T16:23:45 IST" skipped="0">
  <testcase classname="tests.TS_Filter" name="languagesDisplayed" time="9.498"/>
  <testcase classname="tests.TS_Filter" name="extractLanguageDetails" time="1.664"/>
  <testcase classname="tests.TS_Filter" name="levelsDisplayed" time="0.055"/>
  <testcase classname="tests.TS_Filter" name="extractLevelsDetails" time="0.078"/>
</testsuite> <!-- tests.TS_Filter -->
